# JRE version: OpenJDK Runtime Environment (8.0_242) (build 1.8.0_242-release-1644-b3-6222593)
# Java VM: OpenJDK 64-Bit Server VM (25.242-b3-6222593 mixed mode bsd-amd64 compressed oops)
Heap:
 PSYoungGen      total 446976K, used 446976K [0x00000007a0000000, 0x00000007c0000000, 0x00000007c0000000)
  eden space 369664K, 100% used [0x00000007a0000000,0x00000007b6900000,0x00000007b6900000)
  from space 77312K, 100% used [0x00000007b6900000,0x00000007bb480000,0x00000007bb480000)
  to   space 77312K, 99% used [0x00000007bb480000,0x00000007bfffb430,0x00000007c0000000)
 ParOldGen       total 517120K, used 222431K [0x0000000760000000, 0x000000077f900000, 0x00000007a0000000)
  object space 517120K, 43% used [0x0000000760000000,0x000000076d937c58,0x000000077f900000)
 Metaspace       used 130468K, capacity 139152K, committed 146816K, reserved 1177600K
  class space    used 15907K, capacity 17438K, committed 18816K, reserved 1048576K
GC Heap History (10 events):
Event: 27920.466 GC heap after
Heap after GC invocations=177 (full 12):
 PSYoungGen      total 460288K, used 37472K [0x00000007a0000000, 0x00000007c0000000, 0x00000007c0000000)
  eden space 422400K, 0% used [0x00000007a0000000,0x00000007a0000000,0x00000007b9c80000)
  from space 37888K, 98% used [0x00000007b9c80000,0x00000007bc1181b0,0x00000007bc180000)
  to   space 53248K, 0% used [0x00000007bcc00000,0x00000007bcc00000,0x00000007c0000000)
 ParOldGen       total 517120K, used 81333K [0x0000000760000000, 0x000000077f900000, 0x00000007a0000000)
  object space 517120K, 15% used [0x0000000760000000,0x0000000764f6d4d8,0x000000077f900000)
 Metaspace       used 129843K, capacity 138292K, committed 146816K, reserved 1177600K
  class space    used 15840K, capacity 17316K, committed 18816K, reserved 1048576K
}
Event: 27927.433 GC heap before
{Heap before GC invocations=178 (full 12):
 PSYoungGen      total 460288K, used 459872K [0x00000007a0000000, 0x00000007c0000000, 0x00000007c0000000)
  eden space 422400K, 100% used [0x00000007a0000000,0x00000007b9c80000,0x00000007b9c80000)
  from space 37888K, 98% used [0x00000007b9c80000,0x00000007bc1181b0,0x00000007bc180000)
  to   space 53248K, 0% used [0x00000007bcc00000,0x00000007bcc00000,0x00000007c0000000)
 ParOldGen       total 517120K, used 81333K [0x0000000760000000, 0x000000077f900000, 0x00000007a0000000)
  object space 517120K, 15% used [0x0000000760000000,0x0000000764f6d4d8,0x000000077f900000)
 Metaspace       used 129950K, capacity 138394K, committed 146816K, reserved 1177600K
  class space    used 15849K, capacity 17333K, committed 18816K, reserved 1048576K
Event: 27928.064 GC heap after
Heap after GC invocations=178 (full 12):
 PSYoungGen      total 454656K, used 53226K [0x00000007a0000000, 0x00000007c0000000, 0x00000007c0000000)
  eden space 401408K, 0% used [0x00000007a0000000,0x00000007a0000000,0x00000007b8800000)
  from space 53248K, 99% used [0x00000007bcc00000,0x00000007bfffaa70,0x00000007c0000000)
  to   space 61440K, 0% used [0x00000007b8800000,0x00000007b8800000,0x00000007bc400000)
 ParOldGen       total 517120K, used 83149K [0x0000000760000000, 0x000000077f900000, 0x00000007a0000000)
  object space 517120K, 16% used [0x0000000760000000,0x0000000765133508,0x000000077f900000)
 Metaspace       used 129950K, capacity 138394K, committed 146816K, reserved 1177600K
  class space    used 15849K, capacity 17333K, committed 18816K, reserved 1048576K
}
Event: 28025.020 GC heap before
{Heap before GC invocations=179 (full 12):
 PSYoungGen      total 454656K, used 454634K [0x00000007a0000000, 0x00000007c0000000, 0x00000007c0000000)
  eden space 401408K, 100% used [0x00000007a0000000,0x00000007b8800000,0x00000007b8800000)
  from space 53248K, 99% used [0x00000007bcc00000,0x00000007bfffaa70,0x00000007c0000000)
  to   space 61440K, 0% used [0x00000007b8800000,0x00000007b8800000,0x00000007bc400000)
 ParOldGen       total 517120K, used 83149K [0x0000000760000000, 0x000000077f900000, 0x00000007a0000000)
  object space 517120K, 16% used [0x0000000760000000,0x0000000765133508,0x000000077f900000)
 Metaspace       used 130299K, capacity 138900K, committed 146816K, reserved 1177600K
  class space    used 15888K, capacity 17406K, committed 18816K, reserved 1048576K
Event: 28026.288 GC heap after
Heap after GC invocations=179 (full 12):
 PSYoungGen      total 460288K, used 58472K [0x00000007a0000000, 0x00000007c0000000, 0x00000007c0000000)
  eden space 401408K, 0% used [0x00000007a0000000,0x00000007a0000000,0x00000007b8800000)
  from space 58880K, 99% used [0x00000007b8800000,0x00000007bc11a108,0x00000007bc180000)
  to   space 64000K, 0% used [0x00000007bc180000,0x00000007bc180000,0x00000007c0000000)
 ParOldGen       total 517120K, used 83149K [0x0000000760000000, 0x000000077f900000, 0x00000007a0000000)
  object space 517120K, 16% used [0x0000000760000000,0x0000000765133508,0x000000077f900000)
 Metaspace       used 130299K, capacity 138900K, committed 146816K, reserved 1177600K
  class space    used 15888K, capacity 17406K, committed 18816K, reserved 1048576K
}
Event: 28120.863 GC heap before
{Heap before GC invocations=180 (full 12):
 PSYoungGen      total 460288K, used 459880K [0x00000007a0000000, 0x00000007c0000000, 0x00000007c0000000)
  eden space 401408K, 100% used [0x00000007a0000000,0x00000007b8800000,0x00000007b8800000)
  from space 58880K, 99% used [0x00000007b8800000,0x00000007bc11a108,0x00000007bc180000)
  to   space 64000K, 0% used [0x00000007bc180000,0x00000007bc180000,0x00000007c0000000)
 ParOldGen       total 517120K, used 83149K [0x0000000760000000, 0x000000077f900000, 0x00000007a0000000)
  object space 517120K, 16% used [0x0000000760000000,0x0000000765133508,0x000000077f900000)
 Metaspace       used 130394K, capacity 139004K, committed 146816K, reserved 1177600K
  class space    used 15900K, capacity 17424K, committed 18816K, reserved 1048576K
Event: 28123.409 GC heap after
Heap after GC invocations=180 (full 12):
 PSYoungGen      total 433664K, used 62918K [0x00000007a0000000, 0x00000007c0000000, 0x00000007c0000000)
  eden space 369664K, 0% used [0x00000007a0000000,0x00000007a0000000,0x00000007b6900000)
  from space 64000K, 98% used [0x00000007bc180000,0x00000007bfef1948,0x00000007c0000000)
  to   space 77312K, 0% used [0x00000007b6900000,0x00000007b6900000,0x00000007bb480000)
 ParOldGen       total 517120K, used 83157K [0x0000000760000000, 0x000000077f900000, 0x00000007a0000000)
  object space 517120K, 16% used [0x0000000760000000,0x0000000765135508,0x000000077f900000)
 Metaspace       used 130394K, capacity 139004K, committed 146816K, reserved 1177600K
  class space    used 15900K, capacity 17424K, committed 18816K, reserved 1048576K
}
Event: 28127.739 GC heap before
{Heap before GC invocations=181 (full 12):
 PSYoungGen      total 433664K, used 432582K [0x00000007a0000000, 0x00000007c0000000, 0x00000007c0000000)
  eden space 369664K, 100% used [0x00000007a0000000,0x00000007b6900000,0x00000007b6900000)
  from space 64000K, 98% used [0x00000007bc180000,0x00000007bfef1948,0x00000007c0000000)
  to   space 77312K, 0% used [0x00000007b6900000,0x00000007b6900000,0x00000007bb480000)
 ParOldGen       total 517120K, used 83157K [0x0000000760000000, 0x000000077f900000, 0x00000007a0000000)
  object space 517120K, 16% used [0x0000000760000000,0x0000000765135508,0x000000077f900000)
 Metaspace       used 130432K, capacity 139098K, committed 146816K, reserved 1177600K
  class space    used 15902K, capacity 17429K, committed 18816K, reserved 1048576K
Event: 28130.034 GC heap after
Heap after GC invocations=181 (full 12):
 PSYoungGen      total 446976K, used 77312K [0x00000007a0000000, 0x00000007c0000000, 0x00000007c0000000)
  eden space 369664K, 0% used [0x00000007a0000000,0x00000007a0000000,0x00000007b6900000)
  from space 77312K, 100% used [0x00000007b6900000,0x00000007bb480000,0x00000007bb480000)
  to   space 77312K, 0% used [0x00000007bb480000,0x00000007bb480000,0x00000007c0000000)
 ParOldGen       total 517120K, used 134853K [0x0000000760000000, 0x000000077f900000, 0x00000007a0000000)
  object space 517120K, 26% used [0x0000000760000000,0x00000007683b1750,0x000000077f900000)
 Metaspace       used 130432K, capacity 139098K, committed 146816K, reserved 1177600K
  class space    used 15902K, capacity 17429K, committed 18816K, reserved 1048576K
}
Event: 28133.805 GC heap before
{Heap before GC invocations=182 (full 12):
 PSYoungGen      total 446976K, used 446976K [0x00000007a0000000, 0x00000007c0000000, 0x00000007c0000000)
  eden space 369664K, 100% used [0x00000007a0000000,0x00000007b6900000,0x00000007b6900000)
  from space 77312K, 100% used [0x00000007b6900000,0x00000007bb480000,0x00000007bb480000)
  to   space 77312K, 0% used [0x00000007bb480000,0x00000007bb480000,0x00000007c0000000)
 ParOldGen       total 517120K, used 134853K [0x0000000760000000, 0x000000077f900000, 0x00000007a0000000)
  object space 517120K, 26% used [0x0000000760000000,0x00000007683b1750,0x000000077f900000)
 Metaspace       used 130468K, capacity 139152K, committed 146816K, reserved 1177600K
  class space    used 15907K, capacity 17438K, committed 18816K, reserved 1048576K

