# JRE version: OpenJDK Runtime Environment (8.0_212) (build 1.8.0_212-release-1586-b4-5784211)
# Java VM: OpenJDK 64-Bit Server VM (25.212-b4-5784211 mixed mode bsd-amd64 compressed oops)
Heap:
 PSYoungGen      total 445952K, used 297158K [0x00000007a0000000, 0x00000007bfa00000, 0x00000007c0000000)
  eden space 381440K, 77% used [0x00000007a0000000,0x00000007b2231b20,0x00000007b7480000)
  from space 64512K, 0% used [0x00000007bb600000,0x00000007bb600000,0x00000007bf500000)
  to   space 67072K, 0% used [0x00000007b7480000,0x00000007b7480000,0x00000007bb600000)
 ParOldGen       total 275456K, used 66822K [0x0000000760000000, 0x0000000770d00000, 0x00000007a0000000)
  object space 275456K, 24% used [0x0000000760000000,0x0000000764141818,0x0000000770d00000)
 Metaspace       used 108286K, capacity 112392K, committed 116352K, reserved 1150976K
  class space    used 13644K, capacity 14481K, committed 15232K, reserved 1048576K
GC Heap History (10 events):
Event: 5833.473 GC heap before
{Heap before GC invocations=31 (full 5):
 PSYoungGen      total 453120K, used 418852K [0x00000007a0000000, 0x00000007c0000000, 0x00000007c0000000)
  eden space 381952K, 100% used [0x00000007a0000000,0x00000007b7500000,0x00000007b7500000)
  from space 71168K, 51% used [0x00000007b7500000,0x00000007b9909388,0x00000007bba80000)
  to   space 69120K, 0% used [0x00000007bbc80000,0x00000007bbc80000,0x00000007c0000000)
 ParOldGen       total 275456K, used 62056K [0x0000000760000000, 0x0000000770d00000, 0x00000007a0000000)
  object space 275456K, 22% used [0x0000000760000000,0x0000000763c9a3e8,0x0000000770d00000)
 Metaspace       used 108217K, capacity 113004K, committed 113024K, reserved 1146880K
  class space    used 13717K, capacity 14711K, committed 14720K, reserved 1048576K
Event: 5833.650 GC heap after
Heap after GC invocations=31 (full 5):
 PSYoungGen      total 448000K, used 37979K [0x00000007a0000000, 0x00000007bfb00000, 0x00000007c0000000)
  eden space 384000K, 0% used [0x00000007a0000000,0x00000007a0000000,0x00000007b7700000)
  from space 64000K, 59% used [0x00000007bbc80000,0x00000007be196f00,0x00000007bfb00000)
  to   space 67584K, 0% used [0x00000007b7700000,0x00000007b7700000,0x00000007bb900000)
 ParOldGen       total 275456K, used 62064K [0x0000000760000000, 0x0000000770d00000, 0x00000007a0000000)
  object space 275456K, 22% used [0x0000000760000000,0x0000000763c9c3e8,0x0000000770d00000)
 Metaspace       used 108217K, capacity 113004K, committed 113024K, reserved 1146880K
  class space    used 13717K, capacity 14711K, committed 14720K, reserved 1048576K
}
Event: 7360.817 GC heap before
{Heap before GC invocations=32 (full 5):
 PSYoungGen      total 448000K, used 403760K [0x00000007a0000000, 0x00000007bfb00000, 0x00000007c0000000)
  eden space 384000K, 95% used [0x00000007a0000000,0x00000007b6535458,0x00000007b7700000)
  from space 64000K, 59% used [0x00000007bbc80000,0x00000007be196f00,0x00000007bfb00000)
  to   space 67584K, 0% used [0x00000007b7700000,0x00000007b7700000,0x00000007bb900000)
 ParOldGen       total 275456K, used 62064K [0x0000000760000000, 0x0000000770d00000, 0x00000007a0000000)
  object space 275456K, 22% used [0x0000000760000000,0x0000000763c9c3e8,0x0000000770d00000)
 Metaspace       used 110983K, capacity 116248K, committed 116352K, reserved 1150976K
  class space    used 14098K, capacity 15186K, committed 15232K, reserved 1048576K
Event: 7361.168 GC heap after
Heap after GC invocations=32 (full 5):
 PSYoungGen      total 415744K, used 31277K [0x00000007a0000000, 0x00000007bf500000, 0x00000007c0000000)
  eden space 384000K, 0% used [0x00000007a0000000,0x00000007a0000000,0x00000007b7700000)
  from space 31744K, 98% used [0x00000007b7700000,0x00000007b958b638,0x00000007b9600000)
  to   space 64512K, 0% used [0x00000007bb600000,0x00000007bb600000,0x00000007bf500000)
 ParOldGen       total 275456K, used 62072K [0x0000000760000000, 0x0000000770d00000, 0x00000007a0000000)
  object space 275456K, 22% used [0x0000000760000000,0x0000000763c9e3e8,0x0000000770d00000)
 Metaspace       used 110983K, capacity 116248K, committed 116352K, reserved 1150976K
  class space    used 14098K, capacity 15186K, committed 15232K, reserved 1048576K
}
Event: 7361.168 GC heap before
{Heap before GC invocations=33 (full 6):
 PSYoungGen      total 415744K, used 31277K [0x00000007a0000000, 0x00000007bf500000, 0x00000007c0000000)
  eden space 384000K, 0% used [0x00000007a0000000,0x00000007a0000000,0x00000007b7700000)
  from space 31744K, 98% used [0x00000007b7700000,0x00000007b958b638,0x00000007b9600000)
  to   space 64512K, 0% used [0x00000007bb600000,0x00000007bb600000,0x00000007bf500000)
 ParOldGen       total 275456K, used 62072K [0x0000000760000000, 0x0000000770d00000, 0x00000007a0000000)
  object space 275456K, 22% used [0x0000000760000000,0x0000000763c9e3e8,0x0000000770d00000)
 Metaspace       used 110983K, capacity 116248K, committed 116352K, reserved 1150976K
  class space    used 14098K, capacity 15186K, committed 15232K, reserved 1048576K
Event: 7362.362 GC heap after
Heap after GC invocations=33 (full 6):
 PSYoungGen      total 415744K, used 0K [0x00000007a0000000, 0x00000007bf500000, 0x00000007c0000000)
  eden space 384000K, 0% used [0x00000007a0000000,0x00000007a0000000,0x00000007b7700000)
  from space 31744K, 0% used [0x00000007b7700000,0x00000007b7700000,0x00000007b9600000)
  to   space 64512K, 0% used [0x00000007bb600000,0x00000007bb600000,0x00000007bf500000)
 ParOldGen       total 275456K, used 69792K [0x0000000760000000, 0x0000000770d00000, 0x00000007a0000000)
  object space 275456K, 25% used [0x0000000760000000,0x0000000764428118,0x0000000770d00000)
 Metaspace       used 107446K, capacity 111030K, committed 116352K, reserved 1150976K
  class space    used 13537K, capacity 14280K, committed 15232K, reserved 1048576K
}
Event: 10962.377 GC heap before
{Heap before GC invocations=34 (full 6):
 PSYoungGen      total 415744K, used 34814K [0x00000007a0000000, 0x00000007bf500000, 0x00000007c0000000)
  eden space 384000K, 9% used [0x00000007a0000000,0x00000007a21ffa80,0x00000007b7700000)
  from space 31744K, 0% used [0x00000007b7700000,0x00000007b7700000,0x00000007b9600000)
  to   space 64512K, 0% used [0x00000007bb600000,0x00000007bb600000,0x00000007bf500000)
 ParOldGen       total 275456K, used 69792K [0x0000000760000000, 0x0000000770d00000, 0x00000007a0000000)
  object space 275456K, 25% used [0x0000000760000000,0x0000000764428118,0x0000000770d00000)
 Metaspace       used 107465K, capacity 111054K, committed 116352K, reserved 1150976K
  class space    used 13539K, capacity 14284K, committed 15232K, reserved 1048576K
Event: 10962.858 GC heap after
Heap after GC invocations=34 (full 6):
 PSYoungGen      total 445952K, used 256K [0x00000007a0000000, 0x00000007bfa00000, 0x00000007c0000000)
  eden space 381440K, 0% used [0x00000007a0000000,0x00000007a0000000,0x00000007b7480000)
  from space 64512K, 0% used [0x00000007bb600000,0x00000007bb640000,0x00000007bf500000)
  to   space 67072K, 0% used [0x00000007b7480000,0x00000007b7480000,0x00000007bb600000)
 ParOldGen       total 275456K, used 69792K [0x0000000760000000, 0x0000000770d00000, 0x00000007a0000000)
  object space 275456K, 25% used [0x0000000760000000,0x0000000764428118,0x0000000770d00000)
 Metaspace       used 107465K, capacity 111054K, committed 116352K, reserved 1150976K
  class space    used 13539K, capacity 14284K, committed 15232K, reserved 1048576K
}
Event: 10962.858 GC heap before
{Heap before GC invocations=35 (full 7):
 PSYoungGen      total 445952K, used 256K [0x00000007a0000000, 0x00000007bfa00000, 0x00000007c0000000)
  eden space 381440K, 0% used [0x00000007a0000000,0x00000007a0000000,0x00000007b7480000)
  from space 64512K, 0% used [0x00000007bb600000,0x00000007bb640000,0x00000007bf500000)
  to   space 67072K, 0% used [0x00000007b7480000,0x00000007b7480000,0x00000007bb600000)
 ParOldGen       total 275456K, used 69792K [0x0000000760000000, 0x0000000770d00000, 0x00000007a0000000)
  object space 275456K, 25% used [0x0000000760000000,0x0000000764428118,0x0000000770d00000)
 Metaspace       used 107465K, capacity 111054K, committed 116352K, reserved 1150976K
  class space    used 13539K, capacity 14284K, committed 15232K, reserved 1048576K
Event: 10964.189 GC heap after
Heap after GC invocations=35 (full 7):
 PSYoungGen      total 445952K, used 0K [0x00000007a0000000, 0x00000007bfa00000, 0x00000007c0000000)
  eden space 381440K, 0% used [0x00000007a0000000,0x00000007a0000000,0x00000007b7480000)
  from space 64512K, 0% used [0x00000007bb600000,0x00000007bb600000,0x00000007bf500000)
  to   space 67072K, 0% used [0x00000007b7480000,0x00000007b7480000,0x00000007bb600000)
 ParOldGen       total 275456K, used 66822K [0x0000000760000000, 0x0000000770d00000, 0x00000007a0000000)
  object space 275456K, 24% used [0x0000000760000000,0x0000000764141818,0x0000000770d00000)
 Metaspace       used 107450K, capacity 111030K, committed 116352K, reserved 1150976K
  class space    used 13537K, capacity 14280K, committed 15232K, reserved 1048576K
}

